<?xml version="1.0" encoding="UTF-8"?>
<!-- Generated by org.testng.reporters.JUnitReportReporter -->
<testsuite hostname="Maayu" failures="0" tests="4" name="mavenprojects.newtestng.TestNGGrouping" time="0.008" errors="0" timestamp="2023-05-05T14:23:18 EDT" skipped="0">
  <testcase classname="mavenprojects.newtestng.TestNGGrouping" name="test2" time="0.000"/>
  <system-out/>
  <testcase classname="mavenprojects.newtestng.TestNGGrouping" name="test3" time="0.000"/>
  <system-out/>
  <testcase classname="mavenprojects.newtestng.TestNGGrouping" name="test1" time="0.007"/>
  <system-out/>
  <testcase classname="mavenprojects.newtestng.TestNGGrouping" name="test4" time="0.001"/>
  <system-out/>
</testsuite> <!-- mavenprojects.newtestng.TestNGGrouping -->
