<?xml version="1.0" encoding="UTF-8"?>
<!-- Generated by org.testng.reporters.JUnitReportReporter -->
<testsuite hostname="Maayu" failures="0" tests="2" name="mavenprojects.newtestng.TestNGDemo" time="0.012" errors="0" timestamp="2023-05-02T18:50:44 EDT" skipped="0">
  <testcase classname="mavenprojects.newtestng.TestNGDemo" name="login" time="0.010"/>
  <system-out/>
  <testcase classname="mavenprojects.newtestng.TestNGDemo" name="logout" time="0.002"/>
  <system-out/>
</testsuite> <!-- mavenprojects.newtestng.TestNGDemo -->
